\BOOKMARK [0][-]{chapter.1}{\376\377\0001\000\040\000D\000a\000t\000a\000\040\000S\000t\000r\000u\000c\000t\000u\000r\000e\000\040\000D\000o\000c\000u\000m\000e\000n\000t\000a\000t\000i\000o\000n}{}% 1
\BOOKMARK [1][-]{section.1.1}{\376\377\0001\000.\0001\000\040\000s\000\137\000p\000r\000o\000c\000e\000s\000s\000\137\000d\000a\000t\000a\000\040\000S\000t\000r\000u\000c\000t\000\040\000R\000e\000f\000e\000r\000e\000n\000c\000e}{chapter.1}% 2
\BOOKMARK [2][-]{subsection.1.1.1}{\376\377\0001\000.\0001\000.\0001\000\040\000F\000i\000e\000l\000d\000\040\000D\000o\000c\000u\000m\000e\000n\000t\000a\000t\000i\000o\000n}{section.1.1}% 3
\BOOKMARK [3][-]{subsubsection.1.1.1.1}{\376\377\0001\000.\0001\000.\0001\000.\0001\000\040\000a\000r\000g\0002\000\137\000h\000a\000n\000d\000l\000e}{subsection.1.1.1}% 4
\BOOKMARK [3][-]{subsubsection.1.1.1.2}{\376\377\0001\000.\0001\000.\0001\000.\0002\000\040\000a\000r\000r\000a\000y\000\137\000b\000y\000t\000e\000\137\000s\000i\000z\000e}{subsection.1.1.1}% 5
\BOOKMARK [3][-]{subsubsection.1.1.1.3}{\376\377\0001\000.\0001\000.\0001\000.\0003\000\040\000e\000r\000r\000o\000r}{subsection.1.1.1}% 6
\BOOKMARK [3][-]{subsubsection.1.1.1.4}{\376\377\0001\000.\0001\000.\0001\000.\0004\000\040\000n\000u\000m\000\137\000a\000b\000\137\000v\000a\000l\000\137\000p\000a\000i\000r\000s}{subsection.1.1.1}% 7
\BOOKMARK [3][-]{subsubsection.1.1.1.5}{\376\377\0001\000.\0001\000.\0001\000.\0005\000\040\000p\000\137\000f\000i\000l\000e}{subsection.1.1.1}% 8
\BOOKMARK [3][-]{subsubsection.1.1.1.6}{\376\377\0001\000.\0001\000.\0001\000.\0006\000\040\000p\000\137\000f\000i\000l\000e\000\137\000n\000a\000m\000e}{subsection.1.1.1}% 9
\BOOKMARK [3][-]{subsubsection.1.1.1.7}{\376\377\0001\000.\0001\000.\0001\000.\0007\000\040\000p\000\137\000r\000i\000n\000g\000b\000u\000f\000f\000e\000r}{subsection.1.1.1}% 10
\BOOKMARK [3][-]{subsubsection.1.1.1.8}{\376\377\0001\000.\0001\000.\0001\000.\0008\000\040\000s\000y\000s\000t\000f\000\137\000h\000a\000n\000d\000l\000e}{subsection.1.1.1}% 11
\BOOKMARK [3][-]{subsubsection.1.1.1.9}{\376\377\0001\000.\0001\000.\0001\000.\0009\000\040\000t\000h\000r\000e\000a\000d}{subsection.1.1.1}% 12
\BOOKMARK [0][-]{chapter.2}{\376\377\0002\000\040\000F\000i\000l\000e\000\040\000D\000o\000c\000u\000m\000e\000n\000t\000a\000t\000i\000o\000n}{}% 13
\BOOKMARK [1][-]{section.2.1}{\376\377\0002\000.\0001\000\040\000b\000i\000n\000a\000r\000y\000\137\000f\000i\000l\000e\000\137\000i\000o\000.\000c\000\040\000F\000i\000l\000e\000\040\000R\000e\000f\000e\000r\000e\000n\000c\000e}{chapter.2}% 14
\BOOKMARK [2][-]{subsection.2.1.1}{\376\377\0002\000.\0001\000.\0001\000\040\000F\000u\000n\000c\000t\000i\000o\000n\000\040\000D\000o\000c\000u\000m\000e\000n\000t\000a\000t\000i\000o\000n}{section.2.1}% 15
\BOOKMARK [3][-]{subsubsection.2.1.1.1}{\376\377\0002\000.\0001\000.\0001\000.\0001\000\040\000b\000i\000n\000a\000r\000y\000\137\000c\000o\000m\000p\000i\000l\000e\000t\000f\000\050\000\051}{subsection.2.1.1}% 16
\BOOKMARK [3][-]{subsubsection.2.1.1.2}{\376\377\0002\000.\0001\000.\0001\000.\0002\000\040\000b\000i\000n\000a\000r\000y\000\137\000e\000n\000d\000\137\000c\000o\000m\000p\000i\000l\000e\000\137\000c\000b\000\050\000\051}{subsection.2.1.1}% 17
\BOOKMARK [3][-]{subsubsection.2.1.1.3}{\376\377\0002\000.\0001\000.\0001\000.\0003\000\040\000b\000i\000n\000a\000r\000y\000\137\000e\000n\000d\000\137\000s\000i\000m\000\137\000c\000b\000\050\000\051}{subsection.2.1.1}% 18
\BOOKMARK [3][-]{subsubsection.2.1.1.4}{\376\377\0002\000.\0001\000.\0001\000.\0004\000\040\000b\000i\000n\000a\000r\000y\000\137\000s\000i\000z\000e\000t\000f\000\050\000\051}{subsection.2.1.1}% 19
\BOOKMARK [3][-]{subsubsection.2.1.1.5}{\376\377\0002\000.\0001\000.\0001\000.\0005\000\040\000r\000e\000a\000d\000\137\000b\000i\000n\000a\000r\000y\000\137\000r\000e\000g\000\137\000s\000y\000s\000t\000f\000\050\000\051}{subsection.2.1.1}% 20
\BOOKMARK [3][-]{subsubsection.2.1.1.6}{\376\377\0002\000.\0001\000.\0001\000.\0006\000\040\000w\000r\000i\000t\000e\000\137\000b\000i\000n\000a\000r\000y\000\137\000r\000e\000g\000\137\000s\000y\000s\000t\000f\000\050\000\051}{subsection.2.1.1}% 21
\BOOKMARK [2][-]{subsection.2.1.2}{\376\377\0002\000.\0001\000.\0002\000\040\000V\000a\000r\000i\000a\000b\000l\000e\000\040\000D\000o\000c\000u\000m\000e\000n\000t\000a\000t\000i\000o\000n}{section.2.1}% 22
\BOOKMARK [3][-]{subsubsection.2.1.2.1}{\376\377\0002\000.\0001\000.\0002\000.\0001\000\040\000v\000l\000o\000g\000\137\000s\000t\000a\000r\000t\000u\000p\000\137\000r\000o\000u\000t\000i\000n\000e\000s}{subsection.2.1.2}% 23
\BOOKMARK [1][-]{section.2.2}{\376\377\0002\000.\0002\000\040\000b\000i\000n\000a\000r\000y\000\137\000f\000i\000l\000e\000\137\000i\000o\000.\000h\000\040\000F\000i\000l\000e\000\040\000R\000e\000f\000e\000r\000e\000n\000c\000e}{chapter.2}% 24
\BOOKMARK [2][-]{subsection.2.2.1}{\376\377\0002\000.\0002\000.\0001\000\040\000D\000e\000t\000a\000i\000l\000e\000d\000\040\000D\000e\000s\000c\000r\000i\000p\000t\000i\000o\000n}{section.2.2}% 25
\BOOKMARK [2][-]{subsection.2.2.2}{\376\377\0002\000.\0002\000.\0002\000\040\000M\000a\000c\000r\000o\000\040\000D\000e\000f\000i\000n\000i\000t\000i\000o\000n\000\040\000D\000o\000c\000u\000m\000e\000n\000t\000a\000t\000i\000o\000n}{section.2.2}% 26
\BOOKMARK [3][-]{subsubsection.2.2.2.1}{\376\377\0002\000.\0002\000.\0002\000.\0001\000\040\000B\000U\000F\000F\000S\000I\000Z\000E}{subsection.2.2.2}% 27
\BOOKMARK [3][-]{subsubsection.2.2.2.2}{\376\377\0002\000.\0002\000.\0002\000.\0002\000\040\000D\000A\000T\000A\000C\000H\000U\000N\000K}{subsection.2.2.2}% 28
\BOOKMARK [3][-]{subsubsection.2.2.2.3}{\376\377\0002\000.\0002\000.\0002\000.\0003\000\040\000R\000E\000A\000D\000\137\000N\000A\000M\000E}{subsection.2.2.2}% 29
\BOOKMARK [3][-]{subsubsection.2.2.2.4}{\376\377\0002\000.\0002\000.\0002\000.\0004\000\040\000W\000R\000I\000T\000E\000\137\000N\000A\000M\000E}{subsection.2.2.2}% 30
\BOOKMARK [2][-]{subsection.2.2.3}{\376\377\0002\000.\0002\000.\0003\000\040\000F\000u\000n\000c\000t\000i\000o\000n\000\040\000D\000o\000c\000u\000m\000e\000n\000t\000a\000t\000i\000o\000n}{section.2.2}% 31
\BOOKMARK [3][-]{subsubsection.2.2.3.1}{\376\377\0002\000.\0002\000.\0003\000.\0001\000\040\000b\000i\000n\000a\000r\000y\000\137\000e\000n\000d\000\137\000c\000o\000m\000p\000i\000l\000e\000\137\000c\000b\000\050\000\051}{subsection.2.2.3}% 32
\BOOKMARK [3][-]{subsubsection.2.2.3.2}{\376\377\0002\000.\0002\000.\0003\000.\0002\000\040\000b\000i\000n\000a\000r\000y\000\137\000e\000n\000d\000\137\000s\000i\000m\000\137\000c\000b\000\050\000\051}{subsection.2.2.3}% 33
\BOOKMARK [3][-]{subsubsection.2.2.3.3}{\376\377\0002\000.\0002\000.\0003\000.\0003\000\040\000b\000i\000n\000a\000r\000y\000\137\000s\000i\000z\000e\000t\000f\000\050\000\051}{subsection.2.2.3}% 34
\BOOKMARK [1][-]{section.2.3}{\376\377\0002\000.\0003\000\040\000r\000e\000a\000d\000\137\000b\000i\000n\000a\000r\000y\000\137\000f\000i\000l\000e\000.\000c\000\040\000F\000i\000l\000e\000\040\000R\000e\000f\000e\000r\000e\000n\000c\000e}{chapter.2}% 35
\BOOKMARK [2][-]{subsection.2.3.1}{\376\377\0002\000.\0003\000.\0001\000\040\000D\000e\000t\000a\000i\000l\000e\000d\000\040\000D\000e\000s\000c\000r\000i\000p\000t\000i\000o\000n}{section.2.3}% 36
\BOOKMARK [2][-]{subsection.2.3.2}{\376\377\0002\000.\0003\000.\0002\000\040\000F\000u\000n\000c\000t\000i\000o\000n\000\040\000D\000o\000c\000u\000m\000e\000n\000t\000a\000t\000i\000o\000n}{section.2.3}% 37
\BOOKMARK [3][-]{subsubsection.2.3.2.1}{\376\377\0002\000.\0003\000.\0002\000.\0001\000\040\000r\000e\000a\000d\000\137\000b\000i\000n\000a\000r\000y\000\137\000c\000a\000l\000l\000t\000f\000\050\000\051}{subsection.2.3.2}% 38
\BOOKMARK [3][-]{subsubsection.2.3.2.2}{\376\377\0002\000.\0003\000.\0002\000.\0002\000\040\000r\000e\000a\000d\000\137\000b\000i\000n\000a\000r\000y\000\137\000s\000t\000a\000r\000t\000\137\000s\000i\000m\000\137\000c\000b\000\050\000\051}{subsection.2.3.2}% 39
\BOOKMARK [3][-]{subsubsection.2.3.2.3}{\376\377\0002\000.\0003\000.\0002\000.\0003\000\040\000r\000e\000a\000d\000\137\000t\000h\000r\000e\000a\000d\000\050\000\051}{subsection.2.3.2}% 40
\BOOKMARK [1][-]{section.2.4}{\376\377\0002\000.\0004\000\040\000r\000e\000a\000d\000\137\000b\000i\000n\000a\000r\000y\000\137\000f\000i\000l\000e\000.\000h\000\040\000F\000i\000l\000e\000\040\000R\000e\000f\000e\000r\000e\000n\000c\000e}{chapter.2}% 41
\BOOKMARK [2][-]{subsection.2.4.1}{\376\377\0002\000.\0004\000.\0001\000\040\000D\000e\000t\000a\000i\000l\000e\000d\000\040\000D\000e\000s\000c\000r\000i\000p\000t\000i\000o\000n}{section.2.4}% 42
\BOOKMARK [2][-]{subsection.2.4.2}{\376\377\0002\000.\0004\000.\0002\000\040\000F\000u\000n\000c\000t\000i\000o\000n\000\040\000D\000o\000c\000u\000m\000e\000n\000t\000a\000t\000i\000o\000n}{section.2.4}% 43
\BOOKMARK [3][-]{subsubsection.2.4.2.1}{\376\377\0002\000.\0004\000.\0002\000.\0001\000\040\000r\000e\000a\000d\000\137\000b\000i\000n\000a\000r\000y\000\137\000c\000a\000l\000l\000t\000f\000\050\000\051}{subsection.2.4.2}% 44
\BOOKMARK [3][-]{subsubsection.2.4.2.2}{\376\377\0002\000.\0004\000.\0002\000.\0002\000\040\000r\000e\000a\000d\000\137\000b\000i\000n\000a\000r\000y\000\137\000s\000t\000a\000r\000t\000\137\000s\000i\000m\000\137\000c\000b\000\050\000\051}{subsection.2.4.2}% 45
\BOOKMARK [1][-]{section.2.5}{\376\377\0002\000.\0005\000\040\000w\000r\000i\000t\000e\000\137\000b\000i\000n\000a\000r\000y\000\137\000f\000i\000l\000e\000.\000c\000\040\000F\000i\000l\000e\000\040\000R\000e\000f\000e\000r\000e\000n\000c\000e}{chapter.2}% 46
\BOOKMARK [2][-]{subsection.2.5.1}{\376\377\0002\000.\0005\000.\0001\000\040\000D\000e\000t\000a\000i\000l\000e\000d\000\040\000D\000e\000s\000c\000r\000i\000p\000t\000i\000o\000n}{section.2.5}% 47
\BOOKMARK [2][-]{subsection.2.5.2}{\376\377\0002\000.\0005\000.\0002\000\040\000F\000u\000n\000c\000t\000i\000o\000n\000\040\000D\000o\000c\000u\000m\000e\000n\000t\000a\000t\000i\000o\000n}{section.2.5}% 48
\BOOKMARK [3][-]{subsubsection.2.5.2.1}{\376\377\0002\000.\0005\000.\0002\000.\0001\000\040\000w\000r\000i\000t\000e\000\137\000b\000i\000n\000a\000r\000y\000\137\000c\000a\000l\000l\000t\000f\000\050\000\051}{subsection.2.5.2}% 49
\BOOKMARK [3][-]{subsubsection.2.5.2.2}{\376\377\0002\000.\0005\000.\0002\000.\0002\000\040\000w\000r\000i\000t\000e\000\137\000b\000i\000n\000a\000r\000y\000\137\000s\000t\000a\000r\000t\000\137\000s\000i\000m\000\137\000c\000b\000\050\000\051}{subsection.2.5.2}% 50
\BOOKMARK [3][-]{subsubsection.2.5.2.3}{\376\377\0002\000.\0005\000.\0002\000.\0003\000\040\000w\000r\000i\000t\000e\000\137\000t\000h\000r\000e\000a\000d\000\050\000\051}{subsection.2.5.2}% 51
\BOOKMARK [1][-]{section.2.6}{\376\377\0002\000.\0006\000\040\000w\000r\000i\000t\000e\000\137\000b\000i\000n\000a\000r\000y\000\137\000f\000i\000l\000e\000.\000h\000\040\000F\000i\000l\000e\000\040\000R\000e\000f\000e\000r\000e\000n\000c\000e}{chapter.2}% 52
\BOOKMARK [2][-]{subsection.2.6.1}{\376\377\0002\000.\0006\000.\0001\000\040\000D\000e\000t\000a\000i\000l\000e\000d\000\040\000D\000e\000s\000c\000r\000i\000p\000t\000i\000o\000n}{section.2.6}% 53
\BOOKMARK [2][-]{subsection.2.6.2}{\376\377\0002\000.\0006\000.\0002\000\040\000F\000u\000n\000c\000t\000i\000o\000n\000\040\000D\000o\000c\000u\000m\000e\000n\000t\000a\000t\000i\000o\000n}{section.2.6}% 54
\BOOKMARK [3][-]{subsubsection.2.6.2.1}{\376\377\0002\000.\0006\000.\0002\000.\0001\000\040\000w\000r\000i\000t\000e\000\137\000b\000i\000n\000a\000r\000y\000\137\000c\000a\000l\000l\000t\000f\000\050\000\051}{subsection.2.6.2}% 55
\BOOKMARK [3][-]{subsubsection.2.6.2.2}{\376\377\0002\000.\0006\000.\0002\000.\0002\000\040\000w\000r\000i\000t\000e\000\137\000b\000i\000n\000a\000r\000y\000\137\000s\000t\000a\000r\000t\000\137\000s\000i\000m\000\137\000c\000b\000\050\000\051}{subsection.2.6.2}% 56
\BOOKMARK [0][-]{section*.20}{\376\377\000I\000n\000d\000e\000x}{}% 57
